<?xml version="1.0"?>
<<<<<<< HEAD
<testsuite name="PhantomJS 1.9.8 (Linux 0.0.0)" package="" timestamp="2015-10-07T08:03:35" id="0" hostname="maria-X550LD" tests="5" errors="0" failures="0" time="0.07">
  <properties>
    <property name="browser.fullName" value="Mozilla/5.0 (Unknown; Linux x86_64) AppleWebKit/534.34 (KHTML, like Gecko) PhantomJS/1.9.8 Safari/534.34"/>
  </properties>
  <testcase name="should expose some global scope" time="0.027" classname="PhantomJS_1_9_8_(Linux_0_0_0).MEAN controllers"/>
  <testcase name="should expose some global scope" time="0.015" classname="PhantomJS_1_9_8_(Linux_0_0_0).MEAN controllers"/>
  <testcase name="1 should be equals to 1" time="0.001" classname="PhantomJS_1_9_8_(Linux_0_0_0).Test test case"/>
  <testcase name="$scope.find() should create an array with at least one project object fetched from XHR" time="0.014" classname="PhantomJS_1_9_8_(Linux_0_0_0).MEAN controllers"/>
  <testcase name="$scope.findOne() should create an array with one project object fetched from XHR using a projectId URL parameter" time="0.013" classname="PhantomJS_1_9_8_(Linux_0_0_0).MEAN controllers"/>
=======
<testsuite name="PhantomJS 1.9.8 (Linux 0.0.0)" package="" timestamp="2015-10-07T07:46:17" id="0" hostname="maria-X550LD" tests="5" errors="0" failures="0" time="0.066">
  <properties>
    <property name="browser.fullName" value="Mozilla/5.0 (Unknown; Linux x86_64) AppleWebKit/534.34 (KHTML, like Gecko) PhantomJS/1.9.8 Safari/534.34"/>
  </properties>
  <testcase name="should expose some global scope" time="0.026" classname="PhantomJS_1_9_8_(Linux_0_0_0).MEAN controllers"/>
  <testcase name="should expose some global scope" time="0.014" classname="PhantomJS_1_9_8_(Linux_0_0_0).MEAN controllers"/>
  <testcase name="1 should be equals to 1" time="0" classname="PhantomJS_1_9_8_(Linux_0_0_0).Test test case"/>
  <testcase name="$scope.find() should create an array with at least one project object fetched from XHR" time="0.015" classname="PhantomJS_1_9_8_(Linux_0_0_0).MEAN controllers"/>
  <testcase name="$scope.findOne() should create an array with one project object fetched from XHR using a projectId URL parameter" time="0.011" classname="PhantomJS_1_9_8_(Linux_0_0_0).MEAN controllers"/>
>>>>>>> routing
  <system-out>
    <![CDATA[PhantomJS 1.9.8 (Linux 0.0.0) LOG: undefined

]]>
  </system-out>
  <system-err/>
</testsuite>