<?xml version="1.0"?>
<<<<<<< HEAD
<<<<<<< HEAD
<testsuite name="PhantomJS 1.9.8 (Linux 0.0.0)" package="" timestamp="2015-11-26T13:47:01" id="0" hostname="sd0iwkpr" tests="13" errors="0" failures="0" time="0.342">
  <properties>
    <property name="browser.fullName" value="Mozilla/5.0 (Unknown; Linux x86_64) AppleWebKit/534.34 (KHTML, like Gecko) PhantomJS/1.9.8 Safari/534.34"/>
  </properties>
  <testcase name="should expose some global scope" time="0.044" classname="PhantomJS_1_9_8_(Linux_0_0_0).MEAN controllers"/>
  <testcase name="should expose some global scope" time="0.027" classname="PhantomJS_1_9_8_(Linux_0_0_0).MEAN controllers"/>
  <testcase name="$scope.find() should create an array with at least one organisation object fetched from XHR" time="0.026" classname="PhantomJS_1_9_8_(Linux_0_0_0).MEAN controllers"/>
  <testcase name="$scope.findOne() should create an array with one organisation object fetched from XHR using a projectId URL parameter" time="0.02" classname="PhantomJS_1_9_8_(Linux_0_0_0).MEAN controllers"/>
  <testcase name="$scope.find() should create an array with at least one project object fetched from XHR" time="0.035" classname="PhantomJS_1_9_8_(Linux_0_0_0).MEAN controllers"/>
  <testcase name="$scope.findOne() should create an array with one project object fetched from XHR using a projectId URL parameter" time="0.02" classname="PhantomJS_1_9_8_(Linux_0_0_0).MEAN controllers"/>
  <testcase name="$scope.create() with valid form data should send POST request " time="0.023" classname="PhantomJS_1_9_8_(Linux_0_0_0).MEAN controllers"/>
  <testcase name="$scope.remove() should send a DELETE request with a valid projectId and remove the project from the scope" time="0.024" classname="PhantomJS_1_9_8_(Linux_0_0_0).MEAN controllers"/>
  <testcase name="$scope.addReviewState(true) should update a valid project" time="0.035" classname="PhantomJS_1_9_8_(Linux_0_0_0).MEAN controllers"/>
  <testcase name="$scope.addApprovedState(true) should update a valid project" time="0.02" classname="PhantomJS_1_9_8_(Linux_0_0_0).MEAN controllers"/>
  <testcase name="$scope.addRejectedState(true) should update a valid project" time="0.024" classname="PhantomJS_1_9_8_(Linux_0_0_0).MEAN controllers"/>
  <testcase name="$scope.addSignedState(true) should update a valid project" time="0.022" classname="PhantomJS_1_9_8_(Linux_0_0_0).MEAN controllers"/>
  <testcase name="$scope.addEndedState(true) should update a valid project" time="0.022" classname="PhantomJS_1_9_8_(Linux_0_0_0).MEAN controllers"/>
=======
<testsuite name="PhantomJS 1.9.8 (Linux 0.0.0)" package="" timestamp="2015-11-26T12:52:55" id="0" hostname="maria-X550LD" tests="16" errors="0" failures="0" time="0.225">
  <properties>
    <property name="browser.fullName" value="Mozilla/5.0 (Unknown; Linux x86_64) AppleWebKit/534.34 (KHTML, like Gecko) PhantomJS/1.9.8 Safari/534.34"/>
  </properties>
  <testcase name="should expose some global scope" time="0.026" classname="PhantomJS_1_9_8_(Linux_0_0_0).MEAN controllers"/>
  <testcase name="should expose some global scope" time="0.013" classname="PhantomJS_1_9_8_(Linux_0_0_0).MEAN controllers"/>
  <testcase name="1 should be equals to 1" time="0" classname="PhantomJS_1_9_8_(Linux_0_0_0).Test test case"/>
  <testcase name="$scope.find() should create an array with at least one organisation object fetched from XHR" time="0.022" classname="PhantomJS_1_9_8_(Linux_0_0_0).MEAN controllers"/>
  <testcase name="$scope.findOne() should create an array with one organisation object fetched from XHR using a projectId URL parameter" time="0.013" classname="PhantomJS_1_9_8_(Linux_0_0_0).MEAN controllers"/>
  <testcase name="1 should be equals to 1" time="0" classname="PhantomJS_1_9_8_(Linux_0_0_0).Test test case"/>
  <testcase name="$scope.find() should create an array with at least one project object fetched from XHR" time="0.012" classname="PhantomJS_1_9_8_(Linux_0_0_0).MEAN controllers"/>
  <testcase name="$scope.findOne() should create an array with one project object fetched from XHR using a projectId URL parameter" time="0.019" classname="PhantomJS_1_9_8_(Linux_0_0_0).MEAN controllers"/>
  <testcase name="$scope.create() with valid form data should send POST request " time="0.013" classname="PhantomJS_1_9_8_(Linux_0_0_0).MEAN controllers"/>
  <testcase name="$scope.remove() should send a DELETE request with a valid projectId and remove the project from the scope" time="0.011" classname="PhantomJS_1_9_8_(Linux_0_0_0).MEAN controllers"/>
  <testcase name="$scope.addReviewState(true) should update a valid project" time="0.012" classname="PhantomJS_1_9_8_(Linux_0_0_0).MEAN controllers"/>
  <testcase name="$scope.addApprovedState(true) should update a valid project" time="0.041" classname="PhantomJS_1_9_8_(Linux_0_0_0).MEAN controllers"/>
  <testcase name="$scope.addRejectedState(true) should update a valid project" time="0.013" classname="PhantomJS_1_9_8_(Linux_0_0_0).MEAN controllers"/>
  <testcase name="$scope.addSignedState(true) should update a valid project" time="0.013" classname="PhantomJS_1_9_8_(Linux_0_0_0).MEAN controllers"/>
  <testcase name="$scope.addEndReportState(true) should update a valid project" time="0.009" classname="PhantomJS_1_9_8_(Linux_0_0_0).MEAN controllers"/>
  <testcase name="$scope.addEndedState(true) should update a valid project" time="0.008" classname="PhantomJS_1_9_8_(Linux_0_0_0).MEAN controllers"/>
>>>>>>> endedtests
=======
<testsuite name="PhantomJS 1.9.8 (Linux 0.0.0)" package="" timestamp="2015-11-28T10:55:20" id="0" hostname="maria-X550LD" tests="17" errors="0" failures="0" time="0.24">
  <properties>
    <property name="browser.fullName" value="Mozilla/5.0 (Unknown; Linux x86_64) AppleWebKit/534.34 (KHTML, like Gecko) PhantomJS/1.9.8 Safari/534.34"/>
  </properties>
  <testcase name="should expose some global scope" time="0.034" classname="PhantomJS_1_9_8_(Linux_0_0_0).MEAN controllers"/>
  <testcase name="should expose some global scope" time="0.013" classname="PhantomJS_1_9_8_(Linux_0_0_0).MEAN controllers"/>
  <testcase name="1 should be equals to 1" time="0" classname="PhantomJS_1_9_8_(Linux_0_0_0).Test test case"/>
  <testcase name="$scope.find() should create an array with at least one organisation object fetched from XHR" time="0.013" classname="PhantomJS_1_9_8_(Linux_0_0_0).MEAN controllers"/>
  <testcase name="$scope.findOne() should create an array with one organisation object fetched from XHR using a projectId URL parameter" time="0.019" classname="PhantomJS_1_9_8_(Linux_0_0_0).MEAN controllers"/>
  <testcase name="1 should be equals to 1" time="0" classname="PhantomJS_1_9_8_(Linux_0_0_0).Test test case"/>
  <testcase name="$scope.find() should create an array with at least one project object fetched from XHR" time="0.012" classname="PhantomJS_1_9_8_(Linux_0_0_0).MEAN controllers"/>
  <testcase name="$scope.findOne() should create an array with one project object fetched from XHR using a projectId URL parameter" time="0.013" classname="PhantomJS_1_9_8_(Linux_0_0_0).MEAN controllers"/>
  <testcase name="$scope.create() with valid form data should send POST request " time="0.012" classname="PhantomJS_1_9_8_(Linux_0_0_0).MEAN controllers"/>
  <testcase name="$scope.remove() should send a DELETE request with a valid projectId and remove the project from the scope" time="0.018" classname="PhantomJS_1_9_8_(Linux_0_0_0).MEAN controllers"/>
  <testcase name="$scope.addReviewState(true) should update a valid project" time="0.013" classname="PhantomJS_1_9_8_(Linux_0_0_0).MEAN controllers"/>
  <testcase name="$scope.addApprovedState(true) should update a valid project" time="0.034" classname="PhantomJS_1_9_8_(Linux_0_0_0).MEAN controllers"/>
  <testcase name="$scope.addRejectedState(true) should update a valid project" time="0.012" classname="PhantomJS_1_9_8_(Linux_0_0_0).MEAN controllers"/>
  <testcase name="$scope.addSignedState(true) should update a valid project" time="0.023" classname="PhantomJS_1_9_8_(Linux_0_0_0).MEAN controllers"/>
  <testcase name="$scope.addEndedState(true) should update a valid project" time="0.011" classname="PhantomJS_1_9_8_(Linux_0_0_0).MEAN controllers"/>
  <testcase name="1 should be equals to 1" time="0" classname="PhantomJS_1_9_8_(Linux_0_0_0).Test test case"/>
  <testcase name="$scope.searchByState() should create an array with at least one project object fetched from XHR" time="0.013" classname="PhantomJS_1_9_8_(Linux_0_0_0).MEAN controllers"/>
>>>>>>> searchTesting2
  <system-out>
    <![CDATA[
]]>
  </system-out>
  <system-err/>
</testsuite>