<?xml version="1.0"?>
<testsuite name="PhantomJS 1.9.8 (Linux 0.0.0)" package="" timestamp="2015-12-12T17:23:25" id="0" hostname="maria-X550LD" tests="16" errors="0" failures="0" time="0.302">
  <properties>
    <property name="browser.fullName" value="Mozilla/5.0 (Unknown; Linux x86_64) AppleWebKit/534.34 (KHTML, like Gecko) PhantomJS/1.9.8 Safari/534.34"/>
  </properties>
  <testcase name="should expose some global scope" time="0.037" classname="PhantomJS_1_9_8_(Linux_0_0_0).MEAN controllers"/>
  <testcase name="should expose some global scope" time="0.012" classname="PhantomJS_1_9_8_(Linux_0_0_0).MEAN controllers"/>
  <testcase name="$scope.find() should create an array with at least one organisation object fetched from XHR" time="0.026" classname="PhantomJS_1_9_8_(Linux_0_0_0).MEAN controllers"/>
  <testcase name="$scope.findOne() should create an array with one organisation object fetched from XHR using a projectId URL parameter" time="0.015" classname="PhantomJS_1_9_8_(Linux_0_0_0).MEAN controllers"/>
  <testcase name="$scope.remove() should send a DELETE request with a valid organisationId and remove the organisation from the scope" time="0.015" classname="PhantomJS_1_9_8_(Linux_0_0_0).MEAN controllers"/>
  <testcase name="$scope.find() should create an array with at least one project object fetched from XHR" time="0.022" classname="PhantomJS_1_9_8_(Linux_0_0_0).MEAN controllers"/>
  <testcase name="$scope.findOne() should create an array with one project object fetched from XHR using a projectId URL parameter" time="0.014" classname="PhantomJS_1_9_8_(Linux_0_0_0).MEAN controllers"/>
  <testcase name="$scope.create() with valid form data should send POST request " time="0.014" classname="PhantomJS_1_9_8_(Linux_0_0_0).MEAN controllers"/>
  <testcase name="$scope.remove() should send a DELETE request with a valid projectId and remove the project from the scope" time="0.01" classname="PhantomJS_1_9_8_(Linux_0_0_0).MEAN controllers"/>
  <testcase name="$scope.addReviewState(true) should update a valid project" time="0.025" classname="PhantomJS_1_9_8_(Linux_0_0_0).MEAN controllers"/>
  <testcase name="$scope.addApprovedState(true) should update a valid project" time="0.016" classname="PhantomJS_1_9_8_(Linux_0_0_0).MEAN controllers"/>
  <testcase name="$scope.addRejectedState(true) should update a valid project" time="0.015" classname="PhantomJS_1_9_8_(Linux_0_0_0).MEAN controllers"/>
  <testcase name="$scope.addSignedState(true) should update a valid project" time="0.015" classname="PhantomJS_1_9_8_(Linux_0_0_0).MEAN controllers"/>
  <testcase name="$scope.addIntReportState(true) should update a valid project" time="0.034" classname="PhantomJS_1_9_8_(Linux_0_0_0).MEAN controllers"/>
  <testcase name="$scope.addEndReportState(true) should update a valid project" time="0.017" classname="PhantomJS_1_9_8_(Linux_0_0_0).MEAN controllers"/>
  <testcase name="$scope.addEndedState(true) should update a valid project" time="0.015" classname="PhantomJS_1_9_8_(Linux_0_0_0).MEAN controllers"/>
  <system-out>
    <![CDATA[
]]>
  </system-out>
  <system-err/>
</testsuite>