<?xml version="1.0"?>
<testsuite name="PhantomJS 1.9.8 (Linux 0.0.0)" package="" timestamp="2015-10-12T08:47:19" id="0" hostname="maria-X550LD" tests="6" errors="0" failures="1" time="0.086">
  <properties>
    <property name="browser.fullName" value="Mozilla/5.0 (Unknown; Linux x86_64) AppleWebKit/534.34 (KHTML, like Gecko) PhantomJS/1.9.8 Safari/534.34"/>
  </properties>
  <testcase name="should expose some global scope" time="0.03" classname="PhantomJS_1_9_8_(Linux_0_0_0).MEAN controllers"/>
  <testcase name="should expose some global scope" time="0.01" classname="PhantomJS_1_9_8_(Linux_0_0_0).MEAN controllers"/>
  <testcase name="1 should be equals to 1" time="0.001" classname="PhantomJS_1_9_8_(Linux_0_0_0).Test test case"/>
  <testcase name="$scope.find() should create an array with at least one project object fetched from XHR" time="0.013" classname="PhantomJS_1_9_8_(Linux_0_0_0).MEAN controllers"/>
  <testcase name="$scope.findOne() should create an array with one project object fetched from XHR using a projectId URL parameter" time="0.018" classname="PhantomJS_1_9_8_(Linux_0_0_0).MEAN controllers"/>
  <testcase name="$scope.create() with valid form data should send POST request " time="0.014" classname="PhantomJS_1_9_8_(Linux_0_0_0).MEAN controllers">
    <failure type="">Error: Expected POST api/projects with different data
EXPECTED: {"title":"Human rights"}
GOT:      {}
    at $httpBackend (/home/maria/projectDatabase/bower_components/angular-mocks/angular-mocks.js:1212)
    at p (/home/maria/projectDatabase/bower_components/angular/angular.min.js:89)
    at /home/maria/projectDatabase/bower_components/angular/angular.min.js:86
    at /home/maria/projectDatabase/bower_components/angular/angular.min.js:119
    at /home/maria/projectDatabase/bower_components/angular/angular.min.js:133
    at /home/maria/projectDatabase/bower_components/angular/angular.min.js:130
    at /home/maria/projectDatabase/bower_components/angular-mocks/angular-mocks.js:1543
    at /home/maria/projectDatabase/packages/custom/projects/public/tests/projects.spec.js:193
</failure>
  </testcase>
  <system-out>
    <![CDATA[PhantomJS 1.9.8 (Linux 0.0.0) LOG: 'postProjectDatan sis채ll채'
,PhantomJS 1.9.8 (Linux 0.0.0) LOG: 'responsedata: '
,PhantomJS 1.9.8 (Linux 0.0.0) LOG: Object{_id: '525cf20451979dea2c000001', title: 'Human rights'}
,PhantomJS 1.9.8 (Linux 0.0.0) LOG: 'postdata:'
,PhantomJS 1.9.8 (Linux 0.0.0) LOG: 'postProjectDatan sis채ll채'
,PhantomJS 1.9.8 (Linux 0.0.0) LOG: Object{title: 'Human rights'}

]]>
  </system-out>
  <system-err/>
</testsuite>