<?xml version="1.0"?>
<testsuite name="PhantomJS 1.9.8 (Windows 8 0.0.0)" package="" timestamp="2015-09-30T12:32:39" id="0" hostname="Fupu" tests="5" errors="0" failures="2" time="0.097">
  <properties>
    <property name="browser.fullName" value="Mozilla/5.0 (Windows NT 6.2; WOW64) AppleWebKit/534.34 (KHTML, like Gecko) PhantomJS/1.9.8 Safari/534.34"/>
  </properties>
  <testcase name="should expose some global scope" time="0.042" classname="PhantomJS_1_9_8_(Windows_8_0_0_0).MEAN controllers"/>
  <testcase name="should expose some global scope" time="0.016" classname="PhantomJS_1_9_8_(Windows_8_0_0_0).MEAN controllers"/>
  <testcase name="1 should be equals to 1" time="0.001" classname="PhantomJS_1_9_8_(Windows_8_0_0_0).Test test case"/>
  <testcase name="$scope.find() should create an array with at least one project object fetched from XHR" time="0.016" classname="PhantomJS_1_9_8_(Windows_8_0_0_0).MEAN controllers">
    <failure type="">Error: [$injector:modulerr] http://errors.angularjs.org/1.4.6/$injector/modulerr?p0=authMock&amp;p1=Error%3A%20%5B%24injector%3Anomod%5D%20http%3A%2F%2Ferrors.angularjs.org%2F1.4.6%2F%24injector%2Fnomod%3Fp0%3DauthMock%0A%20%20%20%20at%20http%3A%2F%2Flocalhost%3A9876%2FC:/Users/Sonja/projectDatabase%2Fbower_components%2Fangular%2Fangular.min.js%3Fd2e5e39be85f51c828be35b20d877f6b4c101add%3A24%0A%20%20%20%20at%20a%20(http%3A%2F%2Flocalhost%3A9876%2Fbase%2Fbower_components%2Fangular%2Fangular.min.js%3Fd2e5e39be85f51c828be35b20d877f6b4c101add%3A23)%0A%20%20%20%20at%20http%3A%2F%2Flocalhost%3A9876%2Fbase%2Fbower_components%2Fangular%2Fangular.min.js%3Fd2e5e39be85f51c828be35b20d877f6b4c101add%3A25%0A%20%20%20%20at%20http%3A%2F%2Flocalhost%3A9876%2Fbase%2Fbower_components%2Fangular%2Fangular.min.js%3Fd2e5e39be85f51c828be35b20d877f6b4c101add%3A37%0A%20%20%20%20at%20m%20(http%3A%2F%2Flocalhost%3A9876%2Fbase%2Fbower_components%2Fangular%2Fangular.min.js%3Fd2e5e39be85f51c828be35b20d877f6b4c101add%3A7)%0A%20%20%20%20at%20g%20(http%3A%2F%2Flocalhost%3A9876%2Fbase%2Fbower_components%2Fangular%2Fangular.min.js%3Fd2e5e39be85f51c828be35b20d877f6b4c101add%3A38)%0A%20%20%20%20at%20fb%20(http%3A%2F%2Flocalhost%3A9876%2Fbase%2Fbower_components%2Fangular%2Fangular.min.js%3Fd2e5e39be85f51c828be35b20d877f6b4c101add%3A41)%0A%20%20%20%20at%20workFn%20(http%3A%2F%2Flocalhost%3A9876%2Fbase%2Fbower_components%2Fangular-mocks%2Fangular-mocks.js%3Fee1790135b4f4bfc4905b6620167fe8107b27a6d%3A2427)%0A%20%20%20%20at%20attemptSync%20(http%3A%2F%2Flocalhost%3A9876%2Fbase%2Fnode_modules%2Fjasmine-core%2Flib%2Fjasmine-core%2Fjasmine.js%3F578a1e5ff14db21b04e2d6db7fd0eda37042440c%3A1789)%0A%20%20%20%20at%20http%3A%2F%2Flocalhost%3A9876%2Fbase%2Fnode_modules%2Fjasmine-core%2Flib%2Fjasmine-core%2Fjasmine.js%3F578a1e5ff14db21b04e2d6db7fd0eda37042440c%3A1777%0A%20%20%20%20at%20http%3A%2F%2Flocalhost%3A9876%2Fbase%2Fnode_modules%2Fjasmine-core%2Flib%2Fjasmine-core%2Fjasmine.js%3F578a1e5ff14db21b04e2d6db7fd0eda37042440c%3A1762%0A%20%20%20%20at%20http%3A%2F%2Flocalhost%3A9876%2Fbase%2Fnode_modules%2Fjasmine-core%2Flib%2Fjasmine-core%2Fjasmine.js%3F578a1e5ff14db21b04e2d6db7fd0eda37042440c%3A627%0A%20%20%20%20at%20http%3A%2F%2Flocalhost%3A9876%2Fbase%2Fnode_modules%2Fjasmine-core%2Flib%2Fjasmine-core%2Fjasmine.js%3F578a1e5ff14db21b04e2d6db7fd0eda37042440c%3A357%0A%20%20%20%20at%20http%3A%2F%2Flocalhost%3A9876%2Fbase%2Fnode_modules%2Fjasmine-core%2Flib%2Fjasmine-core%2Fjasmine.js%3F578a1e5ff14db21b04e2d6db7fd0eda37042440c%3A2360%0A%20%20%20%20at%20attemptAsync%20(http%3A%2F%2Flocalhost%3A9876%2Fbase%2Fnode_modules%2Fjasmine-core%2Flib%2Fjasmine-core%2Fjasmine.js%3F578a1e5ff14db21b04e2d6db7fd0eda37042440c%3A1819)%0A%20%20%20%20at%20http%3A%2F%2Flocalhost%3A9876%2Fbase%2Fnode_modules%2Fjasmine-core%2Flib%2Fjasmine-core%2Fjasmine.js%3F578a1e5ff14db21b04e2d6db7fd0eda37042440c%3A1774%0A%20%20%20%20at%20http%3A%2F%2Flocalhost%3A9876%2Fbase%2Fnode_modules%2Fjasmine-core%2Flib%2Fjasmine-core%2Fjasmine.js%3F578a1e5ff14db21b04e2d6db7fd0eda37042440c%3A1762%0A%20%20%20%20at%20http%3A%2F%2Flocalhost%3A9876%2Fbase%2Fnode_modules%2Fjasmine-core%2Flib%2Fjasmine-core%2Fjasmine.js%3F578a1e5ff14db21b04e2d6db7fd0eda37042440c%3A627%0A%20%20%20%20at%20http%3A%2F%2Flocalhost%3A9876%2Fbase%2Fnode_modules%2Fjasmine-core%2Flib%2Fjasmine-core%2Fjasmine.js%3F578a1e5ff14db21b04e2d6db7fd0eda37042440c%3A2354%0A%20%20%20%20at%20attemptAsync%20(http%3A%2F%2Flocalhost%3A9876%2Fbase%2Fnode_modules%2Fjasmine-core%2Flib%2Fjasmine-core%2Fjasmine.js%3F578a1e5ff14db21b04e2d6db7fd0eda37042440c%3A1819)%0A%20%20%20%20at%20http%3A%2F%2Flocalhost%3A9876%2Fbase%2Fnode_modules%2Fjasmine-core%2Flib%2Fjasmine-core%2Fjasmine.js%3F578a1e5ff14db21b04e2d6db7fd0eda37042440c%3A1774%0A%20%20%20%20at%20http%3A%2F%2Flocalhost%3A9876%2Fbase%2Fnode_modules%2Fjasmine-core%2Flib%2Fjasmine-core%2Fjasmine.js%3F578a1e5ff14db21b04e2d6db7fd0eda37042440c%3A1762%0A%20%20%20%20at%20http%3A%2F%2Flocalhost%3A9876%2Fbase%2Fnode_modules%2Fjasmine-core%2Flib%2Fjasmine-core%2Fjasmine.js%3F578a1e5ff14db21b04e2d6db7fd0eda37042440c%3A627%0A%20%20%20%20at%20http%3A%2F%2Flocalhost%3A9876%2Fbase%2Fnode_modules%2Fjasmine-core%2Flib%2Fjasmine-core%2Fjasmine.js%3F578a1e5ff14db21b04e2d6db7fd0eda37042440c%3A2354%0A%20%20%20%20at%20attemptAsync%20(http%3A%2F%2Flocalhost%3A9876%2Fbase%2Fnode_modules%2Fjasmine-core%2Flib%2Fjasmine-core%2Fjasmine.js%3F578a1e5ff14db21b04e2d6db7fd0eda37042440c%3A1819)%0A%20%20%20%20at%20http%3A%2F%2Flocalhost%3A9876%2Fbase%2Fnode_modules%2Fjasmine-core%2Flib%2Fjasmine-core%2Fjasmine.js%3F578a1e5ff14db21b04e2d6db7fd0eda37042440c%3A1774%0A%20%20%20%20at%20http%3A%2F%2Flocalhost%3A9876%2Fbase%2Fnode_modules%2Fjasmine-core%2Flib%2Fjasmine-core%2Fjasmine.js%3F578a1e5ff14db21b04e2d6db7fd0eda37042440c%3A1801%0A%20%20%20%20at%20http%3A%2F%2Flocalhost%3A9876%2Fbase%2Fnode_modules%2Fjasmine-core%2Flib%2Fjasmine-core%2Fjasmine.js%3F578a1e5ff14db21b04e2d6db7fd0eda37042440c%3A1745%0A%20%20%20%20at%20http%3A%2F%2Flocalhost%3A9876%2Fbase%2Fnode_modules%2Fjasmine-core%2Flib%2Fjasmine-core%2Fjasmine.js%3F578a1e5ff14db21b04e2d6db7fd0eda37042440c%3A2348%0A%20%20%20%20at%20clearStack%20(http%3A%2F%2Flocalhost%3A9876%2Fbase%2Fnode_modules%2Fjasmine-core%2Flib%2Fjasmine-core%2Fjasmine.js%3F578a1e5ff14db21b04e2d6db7fd0eda37042440c%3A605)%0A%20%20%20%20at%20http%3A%2F%2Flocalhost%3A9876%2Fbase%2Fnode_modules%2Fjasmine-core%2Flib%2Fjasmine-core%2Fjasmine.js%3F578a1e5ff14db21b04e2d6db7fd0eda37042440c%3A1784%0A%20%20%20%20at%20http%3A%2F%2Flocalhost%3A9876%2Fbase%2Fnode_modules%2Fjasmine-core%2Flib%2Fjasmine-core%2Fjasmine.js%3F578a1e5ff14db21b04e2d6db7fd0eda37042440c%3A1801%0A%20%20%20%20at%20http%3A%2F%2Flocalhost%3A9876%2Fbase%2Fnode_modules%2Fjasmine-core%2Flib%2Fjasmine-core%2Fjasmine.js%3F578a1e5ff14db21b04e2d6db7fd0eda37042440c%3A1745%0A%20%20%20%20at%20complete%20(http%3A%2F%2Flocalhost%3A9876%2Fbase%2Fnode_modules%2Fjasmine-core%2Flib%2Fjasmine-core%2Fjasmine.js%3F578a1e5ff14db21b04e2d6db7fd0eda37042440c%3A365)%0A%20%20%20%20at%20clearStack%20(http%3A%2F%2Flocalhost%3A9876%2Fbase%2Fnode_modules%2Fjasmine-core%2Flib%2Fjasmine-core%2Fjasmine.js%3F578a1e5ff14db21b04e2d6db7fd0eda37042440c%3A605)%0A%20%20%20%20at%20http%3A%2F%2Flocalhost%3A9876%2Fbase%2Fnode_modules%2Fjasmine-core%2Flib%2Fjasmine-core%2Fjasmine.js%3F578a1e5ff14db21b04e2d6db7fd0eda37042440c%3A1784%0A%20%20%20%20at%20http%3A%2F%2Flocalhost%3A9876%2Fbase%2Fnode_modules%2Fjasmine-core%2Flib%2Fjasmine-core%2Fjasmine.js%3F578a1e5ff14db21b04e2d6db7fd0eda37042440c%3A1762%0A%20%20%20%20at%20http%3A%2F%2Flocalhost%3A9876%2Fbase%2Fnode_modules%2Fjasmine-core%2Flib%2Fjasmine-core%2Fjasmine.js%3F578a1e5ff14db21b04e2d6db7fd0eda37042440c%3A627%0A%20%20%20%20at%20http%3A%2F%2Flocalhost%3A9876%2Fbase%2Fnode_modules%2Fjasmine-core%2Flib%2Fjasmine-core%2Fjasmine.js%3F578a1e5ff14db21b04e2d6db7fd0eda37042440c%3A357%0A%20%20%20%20at%20http%3A%2F%2Flocalhost%3A9876%2Fbase%2Fnode_modules%2Fjasmine-core%2Flib%2Fjasmine-core%2Fjasmine.js%3F578a1e5ff14db21b04e2d6db7fd0eda37042440c%3A2360%0A%20%20%20%20at%20attemptAsync%20(http%3A%2F%2Flocalhost%3A9876%2Fbase%2Fnode_modules%2Fjasmine-core%2Flib%2Fjasmine-core%2Fjasmine.js%3F578a1e5ff14db21b04e2d6db7fd0eda37042440c%3A1819)%0A%20%20%20%20at%20http%3A%2F%2Flocalhost%3A9876%2Fbase%2Fnode_modules%2Fjasmine-core%2Flib%2Fjasmine-core%2Fjasmine.js%3F578a1e5ff14db21b04e2d6db7fd0eda37042440c%3A1774%0A%20%20%20%20at%20http%3A%2F%2Flocalhost%3A9876%2Fbase%2Fnode_modules%2Fjasmine-core%2Flib%2Fjasmine-core%2Fjasmine.js%3F578a1e5ff14db21b04e2d6db7fd0eda37042440c%3A1762%0A%20%20%20%20at%20http%3A%2F%2Flocalhost%3A9876%2Fbase%2Fnode_modules%2Fjasmine-core%2Flib%2Fjasmine-core%2Fjasmine.js%3F578a1e5ff14db21b04e2d6db7fd0eda37042440c%3A627%0A%20%20%20%20at%20http%3A%2F%2Flocalhost%3A9876%2Fbase%2Fnode_modules%2Fjasmine-core%2Flib%2Fjasmine-core%2Fjasmine.js%3F578a1e5ff14db21b04e2d6db7fd0eda37042440c%3A2354%0A%20%20%20%20at%20attemptAsync%20(http%3A%2F%2Flocalhost%3A9876%2Fbase%2Fnode_modules%2Fjasmine-core%2Flib%2Fjasmine-core%2Fjasmine.js%3F578a1e5ff14db21b04e2d6db7fd0eda37042440c%3A1819)%0A%20%20%20%20at%20http%3A%2F%2Flocalhost%3A9876%2Fbase%2Fnode_modules%2Fjasmine-core%2Flib%2Fjasmine-core%2Fjasmine.js%3F578a1e5ff14db21b04e2d6db7fd0eda37042440c%3A1774%0A%20%20%20%20at%20http%3A%2F%2Flocalhost%3A9876%2Fbase%2Fnode_modules%2Fjasmine-core%2Flib%2Fjasmine-core%2Fjasmine.js%3F578a1e5ff14db21b04e2d6db7fd0eda37042440c%3A1801%0A%20%20%20%20at%20http%3A%2F%2Flocalhost%3A9876%2Fbase%2Fnode_modules%2Fjasmine-core%2Flib%2Fjasmine-core%2Fjasmine.js%3F578a1e5ff14db21b04e2d6db7fd0eda37042440c%3A1745%0A%20%20%20%20at%20http%3A%2F%2Flocalhost%3A9876%2Fbase%2Fnode_modules%2Fjasmine-core%2Flib%2Fjasmine-core%2Fjasmine.js%3F578a1e5ff14db21b04e2d6db7fd0eda37042440c%3A2348%0A%20%20%20%20at%20clearStack%20(http%3A%2F%2Flocalhost%3A9876%2Fbase%2Fnode_modules%2Fjasmine-core%2Flib%2Fjasmine-core%2Fjasmine.js%3F578a1e5ff14db21b04e2d6db7fd0eda37042440c%3A605)%0A%20%20%20%20at%20http%3A%2F%2Flocalhost%3A9876%2Fbase%2Fnode_modules%2Fjasmine-core%2Flib%2Fjasmine-core%2Fjasmine.js%3F578a1e5ff14db21b04e2d6db7fd0eda37042440c%3A1784%0A%20%20%20%20at%20http%3A%2F%2Flocalhost%3A9876%2Fbase%2Fnode_modules%2Fjasmine-core%2Flib%2Fjasmine-core%2Fjasmine.js%3F578a1e5ff14db21b04e2d6db7fd0eda37042440c%3A1801%0A%20%20%20%20at%20http%3A%2F%2Flocalhost%3A9876%2Fbase%2Fnode_modules%2Fjasmine-core%2Flib%2Fjasmine-core%2Fjasmine.js%3F578a1e5ff14db21b04e2d6db7fd0eda37042440c%3A1745%0A%20%20%20%20at%20http%3A%2F%2Flocalhost%3A9876%2Fbase%2Fnode_modules%2Fjasmine-core%2Flib%2Fjasmine-core%2Fjasmine.js%3F578a1e5ff14db21b04e2d6db7fd0eda37042440c%3A2348%0A%20%20%20%20at%20clearStack%20(http%3A%2F%2Flocalhost%3A9876%2Fbase%2Fnode_modules%2Fjasmine-core%2Flib%2Fjasmine-core%2Fjasmine.js%3F578a1e5ff14db21b04e2d6db7fd0eda37042440c%3A605)%0A%20%20%20%20at%20http%3A%2F%2Flocalhost%3A9876%2Fbase%2Fnode_modules%2Fjasmine-core%2Flib%2Fjasmine-core%2Fjasmine.js%3F578a1e5ff14db21b04e2d6db7fd0eda37042440c%3A1784%0A%20%20%20%20at%20http%3A%2F%2Flocalhost%3A9876%2Fbase%2Fnode_modules%2Fjasmine-core%2Flib%2Fjasmine-core%2Fjasmine.js%3F578a1e5ff14db21b04e2d6db7fd0eda37042440c%3A1801%0A%20%20%20%20at%20http%3A%2F%2Flocalhost%3A9876%2Fbase%2Fnode_modules%2Fjasmine-core%2Flib%2Fjasmine-core%2Fjasmine.js%3F578a1e5ff14db21b04e2d6db7fd0eda37042440c%3A1745%0A%20%20%20%20at%20complete%20(http%3A%2F%2Flocalhost%3A9876%2Fbase%2Fnode_modules%2Fjasmine-core%2Flib%2Fjasmine-core%2Fjasmine.js%3F578a1e5ff14db21b04e2d6db7fd0eda37042440c%3A365)%0A%20%20%20%20at%20clearStack%20(http%3A%2F%2Flocalhost%3A9876%2Fbase%2Fnode_modules%2Fjasmine-core%2Flib%2Fjasmine-core%2Fjasmine.js%3F578a1e5ff14db21b04e2d6db7fd0eda37042440c%3A605)%0A%20%20%20%20at%20http%3A%2F%2Flocalhost%3A9876%2Fbase%2Fnode_modules%2Fjasmine-core%2Flib%2Fjasmine-core%2Fjasmine.js%3F578a1e5ff14db21b04e2d6db7fd0eda37042440c%3A1784%0A%20%20%20%20at%20http%3A%2F%2Flocalhost%3A9876%2Fbase%2Fnode_modules%2Fjasmine-core%2Flib%2Fjasmine-core%2Fjasmine.js%3F578a1e5ff14db21b04e2d6db7fd0eda37042440c%3A1762%0A%20%20%20%20at%20http%3A%2F%2Flocalhost%3A9876%2Fbase%2Fnode_modules%2Fjasmine-core%2Flib%2Fjasmine-core%2Fjasmine.js%3F578a1e5ff14db21b04e2d6db7fd0eda37042440c%3A627%0A%20%20%20%20at%20http%3A%2F%2Flocalhost%3A9876%2Fbase%2Fnode_modules%2Fjasmine-core%2Flib%2Fjasmine-core%2Fjasmine.js%3F578a1e5ff14db21b04e2d6db7fd0eda37042440c%3A357%0A%20%20%20%20at%20http%3A%2F%2Flocalhost%3A9876%2Fbase%2Fnode_modules%2Fjasmine-core%2Flib%2Fjasmine-core%2Fjasmine.js%3F578a1e5ff14db21b04e2d6db7fd0eda37042440c%3A2360%0A%20%20%20%20at%20attemptAsync%20(http%3A%2F%2Flocalhost%3A9876%2Fbase%2Fnode_modules%2Fjasmine-core%2Flib%2Fjasmine-core%2Fjasmine.js%3F578a1e5ff14db21b04e2d6db7fd0eda37042440c%3A1819)%0A%20%20%20%20at%20http%3A%2F%2Flocalhost%3A9876%2Fbase%2Fnode_modules%2Fjasmine-core%2Flib%2Fjasmine-core%2Fjasmine.js%3F578a1e5ff14db21b04e2d6db7fd0eda37042440c%3A1774%0A%20%20%20%20at%20http%3A%2F%2Flocalhost%3A9876%2Fbase%2Fnode_modules%2Fjasmine-core%2Flib%2Fjasmine-core%2Fjasmine.js%3F578a1e5ff14db21b04e2d6db7fd0eda37042440c%3A1762%0A%20%20%20%20at%20http%3A%2F%2Flocalhost%3A9876%2Fbase%2Fnode_modules%2Fjasmine-core%2Flib%2Fjasmine-core%2Fjasmine.js%3F578a1e5ff14db21b04e2d6db7fd0eda37042440c%3A627%0A%20%20%20%20at%20http%3A%2F%2Flocalhost%3A9876%2Fbase%2Fnode_modules%2Fjasmine-core%2Flib%2Fjasmine-core%2Fjasmine.js%3F578a1e5ff14db21b04e2d6db7fd0eda37042440c%3A2354%0A%20%20%20%20at%20attemptAsync%20(http%3A%2F%2Flocalhost%3A9876%2Fbase%2Fnode_modules%2Fjasmine-core%2Flib%2Fjasmine-core%2Fjasmine.js%3F578a1e5ff14db21b04e2d6db7fd0eda37042440c%3A1819)%0A%20%20%20%20at%20http%3A%2F%2Flocalhost%3A9876%2Fbase%2Fnode_modules%2Fjasmine-core%2Flib%2Fjasmine-core%2Fjasmine.js%3F578a1e5ff14db21b04e2d6db7fd0eda37042440c%3A1774%0A%20%20%20%20at%20http%3A%2F%2Flocalhost%3A9876%2Fbase%2Fnode_modules%2Fjasmine-core%2Flib%2Fjasmine-core%2Fjasmine.js%3F578a1e5ff14db21b04e2d6db7fd0eda37042440c%3A1762%0A%20%20%20%20at%20http%3A%2F%2Flocalhost%3A9876%2Fbase%2Fnode_modules%2Fjasmine-core%2Flib%2Fjasmine-core%2Fjasmine.js%3F578a1e5ff14db21b04e2d6db7fd0eda37042440c%3A627%0A%20%20%20%20at%20http%3A%2F%2Flocalhost%3A9876%2Fbase%2Fnode_modules%2Fjasmine-core%2Flib%2Fjasmine-core%2Fjasmine.js%3F578a1e5ff14db21b04e2d6db7fd0eda37042440c%3A2354%0A%20%20%20%20at%20attemptAsync%20(http%3A%2F%2Flocalhost%3A9876%2Fbase%2Fnode_modules%2Fjasmine-core%2Flib%2Fjasmine-core%2Fjasmine.js%3F578a1e5ff14db21b04e2d6db7fd0eda37042440c%3A1819)%0A%20%20%20%20at%20http%3A%2F%2Flocalhost%3A9876%2Fbase%2Fnode_modules%2Fjasmine-core%2Flib%2Fjasmine-core%2Fjasmine.js%3F578a1e5ff14db21b04e2d6db7fd0eda37042440c%3A1774%0A%20%20%20%20at%20http%3A%2F%2Flocalhost%3A9876%2Fbase%2Fnode_modules%2Fjasmine-core%2Flib%2Fjasmine-core%2Fjasmine.js%3F578a1e5ff14db21b04e2d6db7fd0eda37042440c%3A1801%0A%20%20%20%20at%20http%3A%2F%2Flocalhost%3A9876%2Fbase%2Fnode_modules%2Fjasmine-core%2Flib%2Fjasmine-core%2Fjasmine.js%3F578a1e5ff14db21b04e2d6db7fd0eda37042440c%3A1745%0A%20%20%20%20at%20http%3A%2F%2Flocalhost%3A9876%2Fbase%2Fnode_modules%2Fjasmine-core%2Flib%2Fjasmine-core%2Fjasmine.js%3F578a1e5ff14db21b04e2d6db7fd0eda37042440c%3A2348%0A%20%20%20%20at%20clearStack%20(http%3A%2F%2Flocalhost%3A9876%2Fbase%2Fnode_modules%2Fjasmine-core%2Flib%2Fjasmine-core%2Fjasmine.js%3F578a1e5ff14db21b04e2d6db7fd0eda37042440c%3A605)%0A%20%20%20%20at%20http%3A%2F%2Flocalhost%3A9876%2Fbase%2Fnode_modules%2Fjasmine-core%2Flib%2Fjasmine-core%2Fjasmine.js%3F578a1e5ff14db21b04e2d6db7fd0eda37042440c%3A1784%0A%20%20%20%20at%20http%3A%2F%2Flocalhost%3A9876%2Fbase%2Fnode_modules%2Fjasmine-core%2Flib%2Fjasmine-core%2Fjasmine.js%3F578a1e5ff14db21b04e2d6db7fd0eda37042440c%3A1801%0A%20%20%20%20at%20http%3A%2F%2Flocalhost%3A9876%2Fbase%2Fnode_modules%2Fjasmine-core%2Flib%2Fjasmine-core%2Fjasmine.js%3F578a1e5ff14db21b04e2d6db7fd0eda37042440c%3A1745%0A%20%20%20%20at%20http%3A%2F%2Flocalhost%3A9876%2Fbase%2Fnode_modules%2Fjasmine-core%2Flib%2Fjasmine-core%2Fjasmine.js%3F578a1e5ff14db21b04e2d6db7fd0eda37042440c%3A2348%0A%20%20%20%20at%20clearStack%20(http%3A%2F%2Flocalhost%3A9876%2Fbase%2Fnode_modules%2Fjasmine-core%2Flib%2Fjasmine-core%2Fjasmine.js%3F578a1e5ff14db21b04e2d6db7fd0eda37042440c%3A605)%0A%20%20%20%20at%20http%3A%2F%2Flocalhost%3A9876%2Fbase%2Fnode_modules%2Fjasmine-core%2Flib%2Fjasmine-core%2Fjasmine.js%3F578a1e5ff14db21b04e2d6db7fd0eda37042440c%3A1784%0A%20%20%20%20at%20http%3A%2F%2Flocalhost%3A9876%2Fbase%2Fnode_modules%2Fjasmine-core%2Flib%2Fjasmine-core%2Fjasmine.js%3F578a1e5ff14db21b04e2d6db7fd0eda37042440c%3A1801%0A%20%20%20%20at%20http%3A%2F%2Flocalhost%3A9876%2Fbase%2Fnode_modules%2Fjasmine-core%2Flib%2Fjasmine-core%2Fjasmine.js%3F578a1e5ff14db21b04e2d6db7fd0eda37042440c%3A1745%0A%20%20%20%20at%20complete%20(http%3A%2F%2Flocalhost%3A9876%2Fbase%2Fnode_modules%2Fjasmine-core%2Flib%2Fjasmine-core%2Fjasmine.js%3F578a1e5ff14db21b04e2d6db7fd0eda37042440c%3A365)%0A%20%20%20%20at%20clearStack%20(http%3A%2F%2Flocalhost%3A9876%2Fbase%2Fnode_modules%2Fjasmine-core%2Flib%2Fjasmine-core%2Fjasmine.js%3F578a1e5ff14db21b04e2d6db7fd0eda37042440c%3A605)%0A%20%20%20%20at%20http%3A%2F%2Flocalhost%3A9876%2Fbase%2Fnode_modules%2Fjasmine-core%2Flib%2Fjasmine-core%2Fjasmine.js%3F578a1e5ff14db21b04e2d6db7fd0eda37042440c%3A1784%0A%20%20%20%20at%20http%3A%2F%2Flocalhost%3A9876%2Fbase%2Fnode_modules%2Fjasmine-core%2Flib%2Fjasmine-core%2Fjasmine.js%3F578a1e5ff14db21b04e2d6db7fd0eda37042440c%3A1762%0A%20%20%20%20at%20http%3A%2F%2Flocalhost%3A9876%2Fbase%2Fnode_modules%2Fjasmine-core%2Flib%2Fjasmine-core%2Fjasmine.js%3F578a1e5ff14db21b04e2d6db7fd0eda37042440c%3A627%0A%20%20%20%20at%20http%3A%2F%2Flocalhost%3A9876%2Fbase%2Fnode_modules%2Fjasmine-core%2Flib%2Fjasmine-core%2Fjasmine.js%3F578a1e5ff14db21b04e2d6db7fd0eda37042440c%3A357%0A%20%20%20%20at%20http%3A%2F%2Flocalhost%3A9876%2Fbase%2Fnode_modules%2Fjasmine-core%2Flib%2Fjasmine-core%2Fjasmine.js%3F578a1e5ff14db21b04e2d6db7fd0eda37042440c%3A2360%0A%20%20%20%20at%20attemptAsync%20(http%3A%2F%2Flocalhost%3A9876%2Fbase%2Fnode_modules%2Fjasmine-core%2Flib%2Fjasmine-core%2Fjasmine.js%3F578a1e5ff14db21b04e2d6db7fd0eda37042440c%3A1819)%0A%20%20%20%20at%20http%3A%2F%2Flocalhost%3A9876%2Fbase%2Fnode_modules%2Fjasmine-core%2Flib%2Fjasmine-core%2Fjasmine.js%3F578a1e5ff14db21b04e2d6db7fd0eda37042440c%3A1774%0A%20%20%20%20at%20http%3A%2F%2Flocalhost%3A9876%2Fbase%2Fnode_modules%2Fjasmine-core%2Flib%2Fjasmine-core%2Fjasmine.js%3F578a1e5ff14db21b04e2d6db7fd0eda37042440c%3A1762%0A%20%20%20%20at%20http%3A%2F%2Flocalhost%3A9876%2Fbase%2Fnode_modules%2Fjasmine-core%2Flib%2Fjasmine-core%2Fjasmine.js%3F578a1e5ff14db21b04e2d6db7fd0eda37042440c%3A627%0A%20%20%20%20at%20http%3A%2F%2Flocalhost%3A9876%2Fbase%2Fnode_modules%2Fjasmine-core%2Flib%2Fjasmine-core%2Fjasmine.js%3F578a1e5ff14db21b04e2d6db7fd0eda37042440c%3A2354%0A%20%20%20%20at%20attemptAsync%20(http%3A%2F%2Flocalhost%3A9876%2Fbase%2Fnode_modules%2Fjasmine-core%2Flib%2Fjasmine-core%2Fjasmine.js%3F578a1e5ff14db21b04e2d6db7fd0eda37042440c%3A1819)%0A%20%20%20%20at%20http%3A%2F%2Flocalhost%3A9876%2Fbase%2Fnode_modules%2Fjasmine-core%2Flib%2Fjasmine-core%2Fjasmine.js%3F578a1e5ff14db21b04e2d6db7fd0eda37042440c%3A1774%0A%20%20%20%20at%20http%3A%2F%2Flocalhost%3A9876%2Fbase%2Fnode_modules%2Fjasmine-core%2Flib%2Fjasmine-core%2Fjasmine.js%3F578a1e5ff14db21b04e2d6db7fd0eda37042440c%3A1762%0A%20%20%20%20at%20http%3A%2F%2Flocalhost%3A9876%2Fbase%2Fnode_modules%2Fjasmine-core%2Flib%2Fjasmine-core%2Fjasmine.js%3F578a1e5ff14db21b04e2d6db7fd0eda37042440c%3A627%0A%20%20%20%20at%20http%3A%2F%2Flocalhost%3A9876%2Fbase%2Fnode_modules%2Fjasmine-core%2Flib%2Fjasmine-core%2Fjasmine.js%3F578a1e5ff14db21b04e2d6db7fd0eda37042440c%3A2354%0A%20%20%20%20at%20attemptAsync%20(http%3A%2F%2Flocalhost%3A9876%2Fbase%2Fnode_modules%2Fjasmine-core%2Flib%2Fjasmine-core%2Fjasmine.js%3F578a1e5ff14db21b04e2d6db7fd0eda37042440c%3A1819)%0A%20%20%20%20at%20http%3A%2F%2Flocalhost%3A9876%2Fbase%2Fnode_modules%2Fjasmine-core%2Flib%2Fjasmine-core%2Fjasmine.js%3F578a1e5ff14db21b04e2d6db7fd0eda37042440c%3A1774%0A%20%20%20%20at%20http%3A%2F%2Flocalhost%3A9876%2Fbase%2Fnode_modules%2Fjasmine-core%2Flib%2Fjasmine-core%2Fjasmine.js%3F578a1e5ff14db21b04e2d6db7fd0eda37042440c%3A1762%0A%20%20%20%20at%20http%3A%2F%2Flocalhost%3A9876%2Fbase%2Fnode_modules%2Fjasmine-core%2Flib%2Fjasmine-core%2Fjasmine.js%3F578a1e5ff14db21b04e2d6db7fd0eda37042440c%3A627%0A%20%20%20%20at%20http%3A%2F%2Flocalhost%3A9876%2Fbase%2Fnode_modules%2Fjasmine-core%2Flib%2Fjasmine-core%2Fjasmine.js%3F578a1e5ff14db21b04e2d6db7fd0eda37042440c%3A2215%0A%20%20%20%20at%20http%3A%2F%2Flocalhost%3A9876%2Fbase%2Fnode_modules%2Fjasmine-core%2Flib%2Fjasmine-core%2Fjasmine.js%3F578a1e5ff14db21b04e2d6db7fd0eda37042440c%3A678%0A%20%20%20%20at%20http%3A%2F%2Flocalhost%3A9876%2Fbase%2Fnode_modules%2Fkarma-jasmine%2Flib%2Fadapter.js%3F3030709c83121e1b2ca4d1e657306b834fc13350%3A318%0A%20%20%20%20at%20http%3A%2F%2Flocalhost%3A9876%2Fkarma.js%3A190%0A%20%20%20%20at%20http%3A%2F%2Flocalhost%3A9876%2Fcontext.html%3A206
    at C:/Users/Sonja/projectDatabase/bower_components/angular/angular.min.js:38
    at m (C:/Users/Sonja/projectDatabase/bower_components/angular/angular.min.js:7)
    at g (C:/Users/Sonja/projectDatabase/bower_components/angular/angular.min.js:38)
    at fb (C:/Users/Sonja/projectDatabase/bower_components/angular/angular.min.js:41)
    at workFn (C:/Users/Sonja/projectDatabase/bower_components/angular-mocks/angular-mocks.js:2427)
</failure>
    <failure type="">TypeError: 'undefined' is not an object (evaluating '$httpBackend.expectGET')
    at C:/Users/Sonja/projectDatabase/packages/custom/projects/public/tests/projects.spec.js:62
</failure>
  </testcase>
  <testcase name="$scope.findOne() should create an array with one project object fetched from XHR using a projectId URL parameter" time="0.022" classname="PhantomJS_1_9_8_(Windows_8_0_0_0).MEAN controllers">
    <failure type="">Error: [$injector:modulerr] http://errors.angularjs.org/1.4.6/$injector/modulerr?p0=authMock&amp;p1=Error%3A%20%5B%24injector%3Anomod%5D%20http%3A%2F%2Ferrors.angularjs.org%2F1.4.6%2F%24injector%2Fnomod%3Fp0%3DauthMock%0A%20%20%20%20at%20http%3A%2F%2Flocalhost%3A9876%2FC:/Users/Sonja/projectDatabase%2Fbower_components%2Fangular%2Fangular.min.js%3Fd2e5e39be85f51c828be35b20d877f6b4c101add%3A24%0A%20%20%20%20at%20a%20(http%3A%2F%2Flocalhost%3A9876%2Fbase%2Fbower_components%2Fangular%2Fangular.min.js%3Fd2e5e39be85f51c828be35b20d877f6b4c101add%3A23)%0A%20%20%20%20at%20http%3A%2F%2Flocalhost%3A9876%2Fbase%2Fbower_components%2Fangular%2Fangular.min.js%3Fd2e5e39be85f51c828be35b20d877f6b4c101add%3A25%0A%20%20%20%20at%20http%3A%2F%2Flocalhost%3A9876%2Fbase%2Fbower_components%2Fangular%2Fangular.min.js%3Fd2e5e39be85f51c828be35b20d877f6b4c101add%3A37%0A%20%20%20%20at%20m%20(http%3A%2F%2Flocalhost%3A9876%2Fbase%2Fbower_components%2Fangular%2Fangular.min.js%3Fd2e5e39be85f51c828be35b20d877f6b4c101add%3A7)%0A%20%20%20%20at%20g%20(http%3A%2F%2Flocalhost%3A9876%2Fbase%2Fbower_components%2Fangular%2Fangular.min.js%3Fd2e5e39be85f51c828be35b20d877f6b4c101add%3A38)%0A%20%20%20%20at%20fb%20(http%3A%2F%2Flocalhost%3A9876%2Fbase%2Fbower_components%2Fangular%2Fangular.min.js%3Fd2e5e39be85f51c828be35b20d877f6b4c101add%3A41)%0A%20%20%20%20at%20workFn%20(http%3A%2F%2Flocalhost%3A9876%2Fbase%2Fbower_components%2Fangular-mocks%2Fangular-mocks.js%3Fee1790135b4f4bfc4905b6620167fe8107b27a6d%3A2427)%0A%20%20%20%20at%20attemptSync%20(http%3A%2F%2Flocalhost%3A9876%2Fbase%2Fnode_modules%2Fjasmine-core%2Flib%2Fjasmine-core%2Fjasmine.js%3F578a1e5ff14db21b04e2d6db7fd0eda37042440c%3A1789)%0A%20%20%20%20at%20http%3A%2F%2Flocalhost%3A9876%2Fbase%2Fnode_modules%2Fjasmine-core%2Flib%2Fjasmine-core%2Fjasmine.js%3F578a1e5ff14db21b04e2d6db7fd0eda37042440c%3A1777%0A%20%20%20%20at%20http%3A%2F%2Flocalhost%3A9876%2Fbase%2Fnode_modules%2Fjasmine-core%2Flib%2Fjasmine-core%2Fjasmine.js%3F578a1e5ff14db21b04e2d6db7fd0eda37042440c%3A1762%0A%20%20%20%20at%20http%3A%2F%2Flocalhost%3A9876%2Fbase%2Fnode_modules%2Fjasmine-core%2Flib%2Fjasmine-core%2Fjasmine.js%3F578a1e5ff14db21b04e2d6db7fd0eda37042440c%3A627%0A%20%20%20%20at%20http%3A%2F%2Flocalhost%3A9876%2Fbase%2Fnode_modules%2Fjasmine-core%2Flib%2Fjasmine-core%2Fjasmine.js%3F578a1e5ff14db21b04e2d6db7fd0eda37042440c%3A357%0A%20%20%20%20at%20http%3A%2F%2Flocalhost%3A9876%2Fbase%2Fnode_modules%2Fjasmine-core%2Flib%2Fjasmine-core%2Fjasmine.js%3F578a1e5ff14db21b04e2d6db7fd0eda37042440c%3A2360%0A%20%20%20%20at%20attemptAsync%20(http%3A%2F%2Flocalhost%3A9876%2Fbase%2Fnode_modules%2Fjasmine-core%2Flib%2Fjasmine-core%2Fjasmine.js%3F578a1e5ff14db21b04e2d6db7fd0eda37042440c%3A1819)%0A%20%20%20%20at%20http%3A%2F%2Flocalhost%3A9876%2Fbase%2Fnode_modules%2Fjasmine-core%2Flib%2Fjasmine-core%2Fjasmine.js%3F578a1e5ff14db21b04e2d6db7fd0eda37042440c%3A1774%0A%20%20%20%20at%20http%3A%2F%2Flocalhost%3A9876%2Fbase%2Fnode_modules%2Fjasmine-core%2Flib%2Fjasmine-core%2Fjasmine.js%3F578a1e5ff14db21b04e2d6db7fd0eda37042440c%3A1801%0A%20%20%20%20at%20http%3A%2F%2Flocalhost%3A9876%2Fbase%2Fnode_modules%2Fjasmine-core%2Flib%2Fjasmine-core%2Fjasmine.js%3F578a1e5ff14db21b04e2d6db7fd0eda37042440c%3A1745%0A%20%20%20%20at%20complete%20(http%3A%2F%2Flocalhost%3A9876%2Fbase%2Fnode_modules%2Fjasmine-core%2Flib%2Fjasmine-core%2Fjasmine.js%3F578a1e5ff14db21b04e2d6db7fd0eda37042440c%3A365)%0A%20%20%20%20at%20clearStack%20(http%3A%2F%2Flocalhost%3A9876%2Fbase%2Fnode_modules%2Fjasmine-core%2Flib%2Fjasmine-core%2Fjasmine.js%3F578a1e5ff14db21b04e2d6db7fd0eda37042440c%3A605)%0A%20%20%20%20at%20http%3A%2F%2Flocalhost%3A9876%2Fbase%2Fnode_modules%2Fjasmine-core%2Flib%2Fjasmine-core%2Fjasmine.js%3F578a1e5ff14db21b04e2d6db7fd0eda37042440c%3A1784%0A%20%20%20%20at%20http%3A%2F%2Flocalhost%3A9876%2Fbase%2Fnode_modules%2Fjasmine-core%2Flib%2Fjasmine-core%2Fjasmine.js%3F578a1e5ff14db21b04e2d6db7fd0eda37042440c%3A1762%0A%20%20%20%20at%20http%3A%2F%2Flocalhost%3A9876%2Fbase%2Fnode_modules%2Fjasmine-core%2Flib%2Fjasmine-core%2Fjasmine.js%3F578a1e5ff14db21b04e2d6db7fd0eda37042440c%3A627%0A%20%20%20%20at%20http%3A%2F%2Flocalhost%3A9876%2Fbase%2Fnode_modules%2Fjasmine-core%2Flib%2Fjasmine-core%2Fjasmine.js%3F578a1e5ff14db21b04e2d6db7fd0eda37042440c%3A357%0A%20%20%20%20at%20http%3A%2F%2Flocalhost%3A9876%2Fbase%2Fnode_modules%2Fjasmine-core%2Flib%2Fjasmine-core%2Fjasmine.js%3F578a1e5ff14db21b04e2d6db7fd0eda37042440c%3A2360%0A%20%20%20%20at%20attemptAsync%20(http%3A%2F%2Flocalhost%3A9876%2Fbase%2Fnode_modules%2Fjasmine-core%2Flib%2Fjasmine-core%2Fjasmine.js%3F578a1e5ff14db21b04e2d6db7fd0eda37042440c%3A1819)%0A%20%20%20%20at%20http%3A%2F%2Flocalhost%3A9876%2Fbase%2Fnode_modules%2Fjasmine-core%2Flib%2Fjasmine-core%2Fjasmine.js%3F578a1e5ff14db21b04e2d6db7fd0eda37042440c%3A1774%0A%20%20%20%20at%20http%3A%2F%2Flocalhost%3A9876%2Fbase%2Fnode_modules%2Fjasmine-core%2Flib%2Fjasmine-core%2Fjasmine.js%3F578a1e5ff14db21b04e2d6db7fd0eda37042440c%3A1762%0A%20%20%20%20at%20http%3A%2F%2Flocalhost%3A9876%2Fbase%2Fnode_modules%2Fjasmine-core%2Flib%2Fjasmine-core%2Fjasmine.js%3F578a1e5ff14db21b04e2d6db7fd0eda37042440c%3A627%0A%20%20%20%20at%20http%3A%2F%2Flocalhost%3A9876%2Fbase%2Fnode_modules%2Fjasmine-core%2Flib%2Fjasmine-core%2Fjasmine.js%3F578a1e5ff14db21b04e2d6db7fd0eda37042440c%3A2354%0A%20%20%20%20at%20attemptAsync%20(http%3A%2F%2Flocalhost%3A9876%2Fbase%2Fnode_modules%2Fjasmine-core%2Flib%2Fjasmine-core%2Fjasmine.js%3F578a1e5ff14db21b04e2d6db7fd0eda37042440c%3A1819)%0A%20%20%20%20at%20http%3A%2F%2Flocalhost%3A9876%2Fbase%2Fnode_modules%2Fjasmine-core%2Flib%2Fjasmine-core%2Fjasmine.js%3F578a1e5ff14db21b04e2d6db7fd0eda37042440c%3A1774%0A%20%20%20%20at%20http%3A%2F%2Flocalhost%3A9876%2Fbase%2Fnode_modules%2Fjasmine-core%2Flib%2Fjasmine-core%2Fjasmine.js%3F578a1e5ff14db21b04e2d6db7fd0eda37042440c%3A1762%0A%20%20%20%20at%20http%3A%2F%2Flocalhost%3A9876%2Fbase%2Fnode_modules%2Fjasmine-core%2Flib%2Fjasmine-core%2Fjasmine.js%3F578a1e5ff14db21b04e2d6db7fd0eda37042440c%3A627%0A%20%20%20%20at%20http%3A%2F%2Flocalhost%3A9876%2Fbase%2Fnode_modules%2Fjasmine-core%2Flib%2Fjasmine-core%2Fjasmine.js%3F578a1e5ff14db21b04e2d6db7fd0eda37042440c%3A2354%0A%20%20%20%20at%20attemptAsync%20(http%3A%2F%2Flocalhost%3A9876%2Fbase%2Fnode_modules%2Fjasmine-core%2Flib%2Fjasmine-core%2Fjasmine.js%3F578a1e5ff14db21b04e2d6db7fd0eda37042440c%3A1819)%0A%20%20%20%20at%20http%3A%2F%2Flocalhost%3A9876%2Fbase%2Fnode_modules%2Fjasmine-core%2Flib%2Fjasmine-core%2Fjasmine.js%3F578a1e5ff14db21b04e2d6db7fd0eda37042440c%3A1774%0A%20%20%20%20at%20http%3A%2F%2Flocalhost%3A9876%2Fbase%2Fnode_modules%2Fjasmine-core%2Flib%2Fjasmine-core%2Fjasmine.js%3F578a1e5ff14db21b04e2d6db7fd0eda37042440c%3A1801%0A%20%20%20%20at%20http%3A%2F%2Flocalhost%3A9876%2Fbase%2Fnode_modules%2Fjasmine-core%2Flib%2Fjasmine-core%2Fjasmine.js%3F578a1e5ff14db21b04e2d6db7fd0eda37042440c%3A1745%0A%20%20%20%20at%20http%3A%2F%2Flocalhost%3A9876%2Fbase%2Fnode_modules%2Fjasmine-core%2Flib%2Fjasmine-core%2Fjasmine.js%3F578a1e5ff14db21b04e2d6db7fd0eda37042440c%3A2348%0A%20%20%20%20at%20clearStack%20(http%3A%2F%2Flocalhost%3A9876%2Fbase%2Fnode_modules%2Fjasmine-core%2Flib%2Fjasmine-core%2Fjasmine.js%3F578a1e5ff14db21b04e2d6db7fd0eda37042440c%3A605)%0A%20%20%20%20at%20http%3A%2F%2Flocalhost%3A9876%2Fbase%2Fnode_modules%2Fjasmine-core%2Flib%2Fjasmine-core%2Fjasmine.js%3F578a1e5ff14db21b04e2d6db7fd0eda37042440c%3A1784%0A%20%20%20%20at%20http%3A%2F%2Flocalhost%3A9876%2Fbase%2Fnode_modules%2Fjasmine-core%2Flib%2Fjasmine-core%2Fjasmine.js%3F578a1e5ff14db21b04e2d6db7fd0eda37042440c%3A1801%0A%20%20%20%20at%20http%3A%2F%2Flocalhost%3A9876%2Fbase%2Fnode_modules%2Fjasmine-core%2Flib%2Fjasmine-core%2Fjasmine.js%3F578a1e5ff14db21b04e2d6db7fd0eda37042440c%3A1745%0A%20%20%20%20at%20complete%20(http%3A%2F%2Flocalhost%3A9876%2Fbase%2Fnode_modules%2Fjasmine-core%2Flib%2Fjasmine-core%2Fjasmine.js%3F578a1e5ff14db21b04e2d6db7fd0eda37042440c%3A365)%0A%20%20%20%20at%20clearStack%20(http%3A%2F%2Flocalhost%3A9876%2Fbase%2Fnode_modules%2Fjasmine-core%2Flib%2Fjasmine-core%2Fjasmine.js%3F578a1e5ff14db21b04e2d6db7fd0eda37042440c%3A605)%0A%20%20%20%20at%20http%3A%2F%2Flocalhost%3A9876%2Fbase%2Fnode_modules%2Fjasmine-core%2Flib%2Fjasmine-core%2Fjasmine.js%3F578a1e5ff14db21b04e2d6db7fd0eda37042440c%3A1784%0A%20%20%20%20at%20http%3A%2F%2Flocalhost%3A9876%2Fbase%2Fnode_modules%2Fjasmine-core%2Flib%2Fjasmine-core%2Fjasmine.js%3F578a1e5ff14db21b04e2d6db7fd0eda37042440c%3A1762%0A%20%20%20%20at%20http%3A%2F%2Flocalhost%3A9876%2Fbase%2Fnode_modules%2Fjasmine-core%2Flib%2Fjasmine-core%2Fjasmine.js%3F578a1e5ff14db21b04e2d6db7fd0eda37042440c%3A627%0A%20%20%20%20at%20http%3A%2F%2Flocalhost%3A9876%2Fbase%2Fnode_modules%2Fjasmine-core%2Flib%2Fjasmine-core%2Fjasmine.js%3F578a1e5ff14db21b04e2d6db7fd0eda37042440c%3A357%0A%20%20%20%20at%20http%3A%2F%2Flocalhost%3A9876%2Fbase%2Fnode_modules%2Fjasmine-core%2Flib%2Fjasmine-core%2Fjasmine.js%3F578a1e5ff14db21b04e2d6db7fd0eda37042440c%3A2360%0A%20%20%20%20at%20attemptAsync%20(http%3A%2F%2Flocalhost%3A9876%2Fbase%2Fnode_modules%2Fjasmine-core%2Flib%2Fjasmine-core%2Fjasmine.js%3F578a1e5ff14db21b04e2d6db7fd0eda37042440c%3A1819)%0A%20%20%20%20at%20http%3A%2F%2Flocalhost%3A9876%2Fbase%2Fnode_modules%2Fjasmine-core%2Flib%2Fjasmine-core%2Fjasmine.js%3F578a1e5ff14db21b04e2d6db7fd0eda37042440c%3A1774%0A%20%20%20%20at%20http%3A%2F%2Flocalhost%3A9876%2Fbase%2Fnode_modules%2Fjasmine-core%2Flib%2Fjasmine-core%2Fjasmine.js%3F578a1e5ff14db21b04e2d6db7fd0eda37042440c%3A1762%0A%20%20%20%20at%20http%3A%2F%2Flocalhost%3A9876%2Fbase%2Fnode_modules%2Fjasmine-core%2Flib%2Fjasmine-core%2Fjasmine.js%3F578a1e5ff14db21b04e2d6db7fd0eda37042440c%3A627%0A%20%20%20%20at%20http%3A%2F%2Flocalhost%3A9876%2Fbase%2Fnode_modules%2Fjasmine-core%2Flib%2Fjasmine-core%2Fjasmine.js%3F578a1e5ff14db21b04e2d6db7fd0eda37042440c%3A2354%0A%20%20%20%20at%20attemptAsync%20(http%3A%2F%2Flocalhost%3A9876%2Fbase%2Fnode_modules%2Fjasmine-core%2Flib%2Fjasmine-core%2Fjasmine.js%3F578a1e5ff14db21b04e2d6db7fd0eda37042440c%3A1819)%0A%20%20%20%20at%20http%3A%2F%2Flocalhost%3A9876%2Fbase%2Fnode_modules%2Fjasmine-core%2Flib%2Fjasmine-core%2Fjasmine.js%3F578a1e5ff14db21b04e2d6db7fd0eda37042440c%3A1774%0A%20%20%20%20at%20http%3A%2F%2Flocalhost%3A9876%2Fbase%2Fnode_modules%2Fjasmine-core%2Flib%2Fjasmine-core%2Fjasmine.js%3F578a1e5ff14db21b04e2d6db7fd0eda37042440c%3A1801%0A%20%20%20%20at%20http%3A%2F%2Flocalhost%3A9876%2Fbase%2Fnode_modules%2Fjasmine-core%2Flib%2Fjasmine-core%2Fjasmine.js%3F578a1e5ff14db21b04e2d6db7fd0eda37042440c%3A1745%0A%20%20%20%20at%20http%3A%2F%2Flocalhost%3A9876%2Fbase%2Fnode_modules%2Fjasmine-core%2Flib%2Fjasmine-core%2Fjasmine.js%3F578a1e5ff14db21b04e2d6db7fd0eda37042440c%3A2348%0A%20%20%20%20at%20clearStack%20(http%3A%2F%2Flocalhost%3A9876%2Fbase%2Fnode_modules%2Fjasmine-core%2Flib%2Fjasmine-core%2Fjasmine.js%3F578a1e5ff14db21b04e2d6db7fd0eda37042440c%3A605)%0A%20%20%20%20at%20http%3A%2F%2Flocalhost%3A9876%2Fbase%2Fnode_modules%2Fjasmine-core%2Flib%2Fjasmine-core%2Fjasmine.js%3F578a1e5ff14db21b04e2d6db7fd0eda37042440c%3A1784%0A%20%20%20%20at%20http%3A%2F%2Flocalhost%3A9876%2Fbase%2Fnode_modules%2Fjasmine-core%2Flib%2Fjasmine-core%2Fjasmine.js%3F578a1e5ff14db21b04e2d6db7fd0eda37042440c%3A1801%0A%20%20%20%20at%20http%3A%2F%2Flocalhost%3A9876%2Fbase%2Fnode_modules%2Fjasmine-core%2Flib%2Fjasmine-core%2Fjasmine.js%3F578a1e5ff14db21b04e2d6db7fd0eda37042440c%3A1745%0A%20%20%20%20at%20http%3A%2F%2Flocalhost%3A9876%2Fbase%2Fnode_modules%2Fjasmine-core%2Flib%2Fjasmine-core%2Fjasmine.js%3F578a1e5ff14db21b04e2d6db7fd0eda37042440c%3A2348%0A%20%20%20%20at%20clearStack%20(http%3A%2F%2Flocalhost%3A9876%2Fbase%2Fnode_modules%2Fjasmine-core%2Flib%2Fjasmine-core%2Fjasmine.js%3F578a1e5ff14db21b04e2d6db7fd0eda37042440c%3A605)%0A%20%20%20%20at%20http%3A%2F%2Flocalhost%3A9876%2Fbase%2Fnode_modules%2Fjasmine-core%2Flib%2Fjasmine-core%2Fjasmine.js%3F578a1e5ff14db21b04e2d6db7fd0eda37042440c%3A1784%0A%20%20%20%20at%20http%3A%2F%2Flocalhost%3A9876%2Fbase%2Fnode_modules%2Fjasmine-core%2Flib%2Fjasmine-core%2Fjasmine.js%3F578a1e5ff14db21b04e2d6db7fd0eda37042440c%3A1801%0A%20%20%20%20at%20http%3A%2F%2Flocalhost%3A9876%2Fbase%2Fnode_modules%2Fjasmine-core%2Flib%2Fjasmine-core%2Fjasmine.js%3F578a1e5ff14db21b04e2d6db7fd0eda37042440c%3A1745%0A%20%20%20%20at%20complete%20(http%3A%2F%2Flocalhost%3A9876%2Fbase%2Fnode_modules%2Fjasmine-core%2Flib%2Fjasmine-core%2Fjasmine.js%3F578a1e5ff14db21b04e2d6db7fd0eda37042440c%3A365)%0A%20%20%20%20at%20clearStack%20(http%3A%2F%2Flocalhost%3A9876%2Fbase%2Fnode_modules%2Fjasmine-core%2Flib%2Fjasmine-core%2Fjasmine.js%3F578a1e5ff14db21b04e2d6db7fd0eda37042440c%3A605)%0A%20%20%20%20at%20http%3A%2F%2Flocalhost%3A9876%2Fbase%2Fnode_modules%2Fjasmine-core%2Flib%2Fjasmine-core%2Fjasmine.js%3F578a1e5ff14db21b04e2d6db7fd0eda37042440c%3A1784%0A%20%20%20%20at%20http%3A%2F%2Flocalhost%3A9876%2Fbase%2Fnode_modules%2Fjasmine-core%2Flib%2Fjasmine-core%2Fjasmine.js%3F578a1e5ff14db21b04e2d6db7fd0eda37042440c%3A1762%0A%20%20%20%20at%20http%3A%2F%2Flocalhost%3A9876%2Fbase%2Fnode_modules%2Fjasmine-core%2Flib%2Fjasmine-core%2Fjasmine.js%3F578a1e5ff14db21b04e2d6db7fd0eda37042440c%3A627%0A%20%20%20%20at%20http%3A%2F%2Flocalhost%3A9876%2Fbase%2Fnode_modules%2Fjasmine-core%2Flib%2Fjasmine-core%2Fjasmine.js%3F578a1e5ff14db21b04e2d6db7fd0eda37042440c%3A357%0A%20%20%20%20at%20http%3A%2F%2Flocalhost%3A9876%2Fbase%2Fnode_modules%2Fjasmine-core%2Flib%2Fjasmine-core%2Fjasmine.js%3F578a1e5ff14db21b04e2d6db7fd0eda37042440c%3A2360%0A%20%20%20%20at%20attemptAsync%20(http%3A%2F%2Flocalhost%3A9876%2Fbase%2Fnode_modules%2Fjasmine-core%2Flib%2Fjasmine-core%2Fjasmine.js%3F578a1e5ff14db21b04e2d6db7fd0eda37042440c%3A1819)%0A%20%20%20%20at%20http%3A%2F%2Flocalhost%3A9876%2Fbase%2Fnode_modules%2Fjasmine-core%2Flib%2Fjasmine-core%2Fjasmine.js%3F578a1e5ff14db21b04e2d6db7fd0eda37042440c%3A1774%0A%20%20%20%20at%20http%3A%2F%2Flocalhost%3A9876%2Fbase%2Fnode_modules%2Fjasmine-core%2Flib%2Fjasmine-core%2Fjasmine.js%3F578a1e5ff14db21b04e2d6db7fd0eda37042440c%3A1762%0A%20%20%20%20at%20http%3A%2F%2Flocalhost%3A9876%2Fbase%2Fnode_modules%2Fjasmine-core%2Flib%2Fjasmine-core%2Fjasmine.js%3F578a1e5ff14db21b04e2d6db7fd0eda37042440c%3A627%0A%20%20%20%20at%20http%3A%2F%2Flocalhost%3A9876%2Fbase%2Fnode_modules%2Fjasmine-core%2Flib%2Fjasmine-core%2Fjasmine.js%3F578a1e5ff14db21b04e2d6db7fd0eda37042440c%3A2354%0A%20%20%20%20at%20attemptAsync%20(http%3A%2F%2Flocalhost%3A9876%2Fbase%2Fnode_modules%2Fjasmine-core%2Flib%2Fjasmine-core%2Fjasmine.js%3F578a1e5ff14db21b04e2d6db7fd0eda37042440c%3A1819)%0A%20%20%20%20at%20http%3A%2F%2Flocalhost%3A9876%2Fbase%2Fnode_modules%2Fjasmine-core%2Flib%2Fjasmine-core%2Fjasmine.js%3F578a1e5ff14db21b04e2d6db7fd0eda37042440c%3A1774%0A%20%20%20%20at%20http%3A%2F%2Flocalhost%3A9876%2Fbase%2Fnode_modules%2Fjasmine-core%2Flib%2Fjasmine-core%2Fjasmine.js%3F578a1e5ff14db21b04e2d6db7fd0eda37042440c%3A1762%0A%20%20%20%20at%20http%3A%2F%2Flocalhost%3A9876%2Fbase%2Fnode_modules%2Fjasmine-core%2Flib%2Fjasmine-core%2Fjasmine.js%3F578a1e5ff14db21b04e2d6db7fd0eda37042440c%3A627%0A%20%20%20%20at%20http%3A%2F%2Flocalhost%3A9876%2Fbase%2Fnode_modules%2Fjasmine-core%2Flib%2Fjasmine-core%2Fjasmine.js%3F578a1e5ff14db21b04e2d6db7fd0eda37042440c%3A2354%0A%20%20%20%20at%20attemptAsync%20(http%3A%2F%2Flocalhost%3A9876%2Fbase%2Fnode_modules%2Fjasmine-core%2Flib%2Fjasmine-core%2Fjasmine.js%3F578a1e5ff14db21b04e2d6db7fd0eda37042440c%3A1819)%0A%20%20%20%20at%20http%3A%2F%2Flocalhost%3A9876%2Fbase%2Fnode_modules%2Fjasmine-core%2Flib%2Fjasmine-core%2Fjasmine.js%3F578a1e5ff14db21b04e2d6db7fd0eda37042440c%3A1774%0A%20%20%20%20at%20http%3A%2F%2Flocalhost%3A9876%2Fbase%2Fnode_modules%2Fjasmine-core%2Flib%2Fjasmine-core%2Fjasmine.js%3F578a1e5ff14db21b04e2d6db7fd0eda37042440c%3A1801%0A%20%20%20%20at%20http%3A%2F%2Flocalhost%3A9876%2Fbase%2Fnode_modules%2Fjasmine-core%2Flib%2Fjasmine-core%2Fjasmine.js%3F578a1e5ff14db21b04e2d6db7fd0eda37042440c%3A1745%0A%20%20%20%20at%20http%3A%2F%2Flocalhost%3A9876%2Fbase%2Fnode_modules%2Fjasmine-core%2Flib%2Fjasmine-core%2Fjasmine.js%3F578a1e5ff14db21b04e2d6db7fd0eda37042440c%3A2348%0A%20%20%20%20at%20clearStack%20(http%3A%2F%2Flocalhost%3A9876%2Fbase%2Fnode_modules%2Fjasmine-core%2Flib%2Fjasmine-core%2Fjasmine.js%3F578a1e5ff14db21b04e2d6db7fd0eda37042440c%3A605)%0A%20%20%20%20at%20http%3A%2F%2Flocalhost%3A9876%2Fbase%2Fnode_modules%2Fjasmine-core%2Flib%2Fjasmine-core%2Fjasmine.js%3F578a1e5ff14db21b04e2d6db7fd0eda37042440c%3A1784%0A%20%20%20%20at%20http%3A%2F%2Flocalhost%3A9876%2Fbase%2Fnode_modules%2Fjasmine-core%2Flib%2Fjasmine-core%2Fjasmine.js%3F578a1e5ff14db21b04e2d6db7fd0eda37042440c%3A1801%0A%20%20%20%20at%20http%3A%2F%2Flocalhost%3A9876%2Fbase%2Fnode_modules%2Fjasmine-core%2Flib%2Fjasmine-core%2Fjasmine.js%3F578a1e5ff14db21b04e2d6db7fd0eda37042440c%3A1745%0A%20%20%20%20at%20http%3A%2F%2Flocalhost%3A9876%2Fbase%2Fnode_modules%2Fjasmine-core%2Flib%2Fjasmine-core%2Fjasmine.js%3F578a1e5ff14db21b04e2d6db7fd0eda37042440c%3A2348%0A%20%20%20%20at%20clearStack%20(http%3A%2F%2Flocalhost%3A9876%2Fbase%2Fnode_modules%2Fjasmine-core%2Flib%2Fjasmine-core%2Fjasmine.js%3F578a1e5ff14db21b04e2d6db7fd0eda37042440c%3A605)%0A%20%20%20%20at%20http%3A%2F%2Flocalhost%3A9876%2Fbase%2Fnode_modules%2Fjasmine-core%2Flib%2Fjasmine-core%2Fjasmine.js%3F578a1e5ff14db21b04e2d6db7fd0eda37042440c%3A1784%0A%20%20%20%20at%20http%3A%2F%2Flocalhost%3A9876%2Fbase%2Fnode_modules%2Fjasmine-core%2Flib%2Fjasmine-core%2Fjasmine.js%3F578a1e5ff14db21b04e2d6db7fd0eda37042440c%3A1801%0A%20%20%20%20at%20http%3A%2F%2Flocalhost%3A9876%2Fbase%2Fnode_modules%2Fjasmine-core%2Flib%2Fjasmine-core%2Fjasmine.js%3F578a1e5ff14db21b04e2d6db7fd0eda37042440c%3A1745%0A%20%20%20%20at%20complete%20(http%3A%2F%2Flocalhost%3A9876%2Fbase%2Fnode_modules%2Fjasmine-core%2Flib%2Fjasmine-core%2Fjasmine.js%3F578a1e5ff14db21b04e2d6db7fd0eda37042440c%3A365)%0A%20%20%20%20at%20clearStack%20(http%3A%2F%2Flocalhost%3A9876%2Fbase%2Fnode_modules%2Fjasmine-core%2Flib%2Fjasmine-core%2Fjasmine.js%3F578a1e5ff14db21b04e2d6db7fd0eda37042440c%3A605)%0A%20%20%20%20at%20http%3A%2F%2Flocalhost%3A9876%2Fbase%2Fnode_modules%2Fjasmine-core%2Flib%2Fjasmine-core%2Fjasmine.js%3F578a1e5ff14db21b04e2d6db7fd0eda37042440c%3A1784%0A%20%20%20%20at%20http%3A%2F%2Flocalhost%3A9876%2Fbase%2Fnode_modules%2Fjasmine-core%2Flib%2Fjasmine-core%2Fjasmine.js%3F578a1e5ff14db21b04e2d6db7fd0eda37042440c%3A1762%0A%20%20%20%20at%20http%3A%2F%2Flocalhost%3A9876%2Fbase%2Fnode_modules%2Fjasmine-core%2Flib%2Fjasmine-core%2Fjasmine.js%3F578a1e5ff14db21b04e2d6db7fd0eda37042440c%3A627%0A%20%20%20%20at%20http%3A%2F%2Flocalhost%3A9876%2Fbase%2Fnode_modules%2Fjasmine-core%2Flib%2Fjasmine-core%2Fjasmine.js%3F578a1e5ff14db21b04e2d6db7fd0eda37042440c%3A357%0A%20%20%20%20at%20http%3A%2F%2Flocalhost%3A9876%2Fbase%2Fnode_modules%2Fjasmine-core%2Flib%2Fjasmine-core%2Fjasmine.js%3F578a1e5ff14db21b04e2d6db7fd0eda37042440c%3A2360%0A%20%20%20%20at%20attemptAsync%20(http%3A%2F%2Flocalhost%3A9876%2Fbase%2Fnode_modules%2Fjasmine-core%2Flib%2Fjasmine-core%2Fjasmine.js%3F578a1e5ff14db21b04e2d6db7fd0eda37042440c%3A1819)%0A%20%20%20%20at%20http%3A%2F%2Flocalhost%3A9876%2Fbase%2Fnode_modules%2Fjasmine-core%2Flib%2Fjasmine-core%2Fjasmine.js%3F578a1e5ff14db21b04e2d6db7fd0eda37042440c%3A1774%0A%20%20%20%20at%20http%3A%2F%2Flocalhost%3A9876%2Fbase%2Fnode_modules%2Fjasmine-core%2Flib%2Fjasmine-core%2Fjasmine.js%3F578a1e5ff14db21b04e2d6db7fd0eda37042440c%3A1762%0A%20%20%20%20at%20http%3A%2F%2Flocalhost%3A9876%2Fbase%2Fnode_modules%2Fjasmine-core%2Flib%2Fjasmine-core%2Fjasmine.js%3F578a1e5ff14db21b04e2d6db7fd0eda37042440c%3A627%0A%20%20%20%20at%20http%3A%2F%2Flocalhost%3A9876%2Fbase%2Fnode_modules%2Fjasmine-core%2Flib%2Fjasmine-core%2Fjasmine.js%3F578a1e5ff14db21b04e2d6db7fd0eda37042440c%3A2354%0A%20%20%20%20at%20attemptAsync%20(http%3A%2F%2Flocalhost%3A9876%2Fbase%2Fnode_modules%2Fjasmine-core%2Flib%2Fjasmine-core%2Fjasmine.js%3F578a1e5ff14db21b04e2d6db7fd0eda37042440c%3A1819)%0A%20%20%20%20at%20http%3A%2F%2Flocalhost%3A9876%2Fbase%2Fnode_modules%2Fjasmine-core%2Flib%2Fjasmine-core%2Fjasmine.js%3F578a1e5ff14db21b04e2d6db7fd0eda37042440c%3A1774%0A%20%20%20%20at%20http%3A%2F%2Flocalhost%3A9876%2Fbase%2Fnode_modules%2Fjasmine-core%2Flib%2Fjasmine-core%2Fjasmine.js%3F578a1e5ff14db21b04e2d6db7fd0eda37042440c%3A1762%0A%20%20%20%20at%20http%3A%2F%2Flocalhost%3A9876%2Fbase%2Fnode_modules%2Fjasmine-core%2Flib%2Fjasmine-core%2Fjasmine.js%3F578a1e5ff14db21b04e2d6db7fd0eda37042440c%3A627%0A%20%20%20%20at%20http%3A%2F%2Flocalhost%3A9876%2Fbase%2Fnode_modules%2Fjasmine-core%2Flib%2Fjasmine-core%2Fjasmine.js%3F578a1e5ff14db21b04e2d6db7fd0eda37042440c%3A2354%0A%20%20%20%20at%20attemptAsync%20(http%3A%2F%2Flocalhost%3A9876%2Fbase%2Fnode_modules%2Fjasmine-core%2Flib%2Fjasmine-core%2Fjasmine.js%3F578a1e5ff14db21b04e2d6db7fd0eda37042440c%3A1819)%0A%20%20%20%20at%20http%3A%2F%2Flocalhost%3A9876%2Fbase%2Fnode_modules%2Fjasmine-core%2Flib%2Fjasmine-core%2Fjasmine.js%3F578a1e5ff14db21b04e2d6db7fd0eda37042440c%3A1774%0A%20%20%20%20at%20http%3A%2F%2Flocalhost%3A9876%2Fbase%2Fnode_modules%2Fjasmine-core%2Flib%2Fjasmine-core%2Fjasmine.js%3F578a1e5ff14db21b04e2d6db7fd0eda37042440c%3A1762%0A%20%20%20%20at%20http%3A%2F%2Flocalhost%3A9876%2Fbase%2Fnode_modules%2Fjasmine-core%2Flib%2Fjasmine-core%2Fjasmine.js%3F578a1e5ff14db21b04e2d6db7fd0eda37042440c%3A627%0A%20%20%20%20at%20http%3A%2F%2Flocalhost%3A9876%2Fbase%2Fnode_modules%2Fjasmine-core%2Flib%2Fjasmine-core%2Fjasmine.js%3F578a1e5ff14db21b04e2d6db7fd0eda37042440c%3A2215%0A%20%20%20%20at%20http%3A%2F%2Flocalhost%3A9876%2Fbase%2Fnode_modules%2Fjasmine-core%2Flib%2Fjasmine-core%2Fjasmine.js%3F578a1e5ff14db21b04e2d6db7fd0eda37042440c%3A678%0A%20%20%20%20at%20http%3A%2F%2Flocalhost%3A9876%2Fbase%2Fnode_modules%2Fkarma-jasmine%2Flib%2Fadapter.js%3F3030709c83121e1b2ca4d1e657306b834fc13350%3A318%0A%20%20%20%20at%20http%3A%2F%2Flocalhost%3A9876%2Fkarma.js%3A190%0A%20%20%20%20at%20http%3A%2F%2Flocalhost%3A9876%2Fcontext.html%3A206
    at C:/Users/Sonja/projectDatabase/bower_components/angular/angular.min.js:38
    at m (C:/Users/Sonja/projectDatabase/bower_components/angular/angular.min.js:7)
    at g (C:/Users/Sonja/projectDatabase/bower_components/angular/angular.min.js:38)
    at fb (C:/Users/Sonja/projectDatabase/bower_components/angular/angular.min.js:41)
    at workFn (C:/Users/Sonja/projectDatabase/bower_components/angular-mocks/angular-mocks.js:2427)
</failure>
    <failure type="">TypeError: 'undefined' is not an object (evaluating '$stateParams.projectId = '525a8422f6d0f87f0e407a33'')
    at C:/Users/Sonja/projectDatabase/packages/custom/projects/public/tests/projects.spec.js:78
</failure>
  </testcase>
  <system-out>
    <![CDATA[
]]>
  </system-out>
  <system-err/>
</testsuite>