<?xml version="1.0"?>
<testsuite name="PhantomJS 1.9.8 (Windows 8 0.0.0)" package="" timestamp="2015-10-01T09:42:55" id="0" hostname="Fupu" tests="5" errors="0" failures="0" time="0.114">
  <properties>
    <property name="browser.fullName" value="Mozilla/5.0 (Windows NT 6.2; WOW64) AppleWebKit/534.34 (KHTML, like Gecko) PhantomJS/1.9.8 Safari/534.34"/>
  </properties>
  <testcase name="should expose some global scope" time="0.052" classname="PhantomJS_1_9_8_(Windows_8_0_0_0).MEAN controllers"/>
  <testcase name="should expose some global scope" time="0.021" classname="PhantomJS_1_9_8_(Windows_8_0_0_0).MEAN controllers"/>
  <testcase name="1 should be equals to 1" time="0" classname="PhantomJS_1_9_8_(Windows_8_0_0_0).Test test case"/>
  <testcase name="$scope.find() should create an array with at least one project object fetched from XHR" time="0.021" classname="PhantomJS_1_9_8_(Windows_8_0_0_0).MEAN controllers"/>
  <testcase name="$scope.findOne() should create an array with one project object fetched from XHR using a projectId URL parameter" time="0.02" classname="PhantomJS_1_9_8_(Windows_8_0_0_0).MEAN controllers"/>
  <system-out>
    <![CDATA[PhantomJS 1.9.8 (Windows 8 0.0.0) LOG: undefined

]]>
  </system-out>
  <system-err/>
</testsuite>